make all --print-data-base --no-builtin-variables --no-builtin-rules --question
# GNU Make 4.3
# Built for x86_64-pc-linux-gnu
# Copyright (C) 1988-2020 Free Software Foundation, Inc.
# License GPLv3+: GNU GPL version 3 or later <http://gnu.org/licenses/gpl.html>
# This is free software: you are free to change and redistribute it.
# There is NO WARRANTY, to the extent permitted by law.

# Make data base, printed on Sat Jul  9 15:00:01 2022

# Variables

# environment
GDK_BACKEND = x11
# environment
LC_ALL = C
# environment
GNOME_SHELL_SESSION_MODE = pop
# environment
SSH_AGENT_LAUNCHER = gnome-keyring
# environment
GJS_DEBUG_OUTPUT = stderr
# environment
VSCODE_IPC_HOOK_EXTHOST = /run/user/1000/vscode-ipc-68d898f1-c71b-49d5-a634-1e5fccae95d3.sock
# makefile (from 'Makefile', line 43)
MATHLIB = -lm
# environment
VSCODE_CWD = /home/ducorits
# environment
WINDOWPATH = 2
# default
MAKE_COMMAND := make
# environment
QT_ACCESSIBILITY = 1
# automatic
@D = $(patsubst %/,%,$(dir $@))
# makefile (from 'Makefile', line 16)
RESTORE = \0338
# environment
VSCODE_HANDLES_UNCAUGHT_ERRORS = true
# default
.VARIABLES := 
# environment
PWD = /home/ducorits/Documents/FdF
# automatic
%D = $(patsubst %/,%,$(dir $%))
# environment
XDG_DATA_DIRS = /usr/share/pop:/usr/share/gnome:/home/ducorits/.local/share/flatpak/exports/share:/var/lib/flatpak/exports/share:/usr/local/share/:/usr/share/
# automatic
^D = $(patsubst %/,%,$(dir $^))
# environment
VSCODE_LOG_STACK = false
# automatic
%F = $(notdir $%)
# environment
VSCODE_CODE_CACHE_PATH = /home/ducorits/.config/Code/CachedData/c3511e6c69bb39013c4a4b7b9566ec1ca73fc4d5
# makefile (from 'Makefile', line 33)
LIBFT = libft/libft.a
# environment
LANG = C
# environment
XAUTHORITY = /run/user/1000/gdm/Xauthority
# default
.LOADED := 
# default
.INCLUDE_DIRS = /usr/local/include /usr/include /usr/include
# makefile (from 'Makefile', line 9)
CYAN = \033[1;36m
# makefile
MAKEFLAGS = pqrR
# makefile (from 'Makefile', line 8)
BLUE = \033[1;34m
# makefile
CURDIR := /home/ducorits/Documents/FdF
# makefile (from 'Makefile', line 5)
UNAME := Linux
# environment
VSCODE_PIPE_LOGGING = true
# environment
APPLICATION_INSIGHTS_NO_DIAGNOSTIC_CHANNEL = 1
# environment
LESSOPEN = | /usr/bin/lesspipe %s
# makefile (from 'Makefile', line 19)
SRCS = main.c error_check.c debug.c fdf_init.c map_init.c fdf_exit.c fdf_loop.c fdf_free.c fdf_keyhooks.c map_utils.c transforms.c
# automatic
*D = $(patsubst %/,%,$(dir $*))
# environment
MFLAGS = -pqrR
# environment
SSH_AUTH_SOCK = /run/user/1000/keyring/ssh
# default
.SHELLFLAGS := -c
# environment
XDG_CONFIG_DIRS = /etc/xdg/xdg-pop:/etc/xdg
# automatic
+D = $(patsubst %/,%,$(dir $+))
# makefile (from 'Makefile', line 17)
INSET = $(BEGIN)$(GREEN)+ $(BLUE)
# environment
XDG_SESSION_DESKTOP = pop
# makefile (from 'Makefile', line 1)
MAKEFILE_LIST := Makefile
# automatic
@F = $(notdir $@)
# environment
VSCODE_VERBOSE_LOGGING = true
# environment
VSCODE_PID = 41859
# environment
XDG_SESSION_TYPE = x11
# automatic
?D = $(patsubst %/,%,$(dir $?))
# environment
SESSION_MANAGER = local/pop-os:@/tmp/.ICE-unix/2363,unix/pop-os:/tmp/.ICE-unix/2363
# automatic
*F = $(notdir $*)
# environment
CHROME_DESKTOP = code-url-handler.desktop
# environment
DBUS_SESSION_BUS_ADDRESS = unix:path=/run/user/1000/bus
# automatic
<D = $(patsubst %/,%,$(dir $<))
# environment
VSCODE_NLS_CONFIG = {"locale":"en-gb","availableLanguages":{},"_languagePackSupport":true}
# default
MAKE_HOST := x86_64-pc-linux-gnu
# makefile (from 'Makefile', line 53)
OBJS = $(patsubst %.c, obj/%.o, $(SRCS))
# environment
GNOME_DESKTOP_SESSION_ID = this-is-deprecated
# makefile (from 'Makefile', line 3)
SHELL := /bin/bash
# default
MAKECMDGOALS := all
# environment
XMODIFIERS = @im=ibus
# makefile (from 'Makefile', line 13)
UP1 = \033[1F
# environment
GJS_DEBUG_TOPICS = JS ERROR;JS LOG
# environment
SHLVL = 0
# environment
MAKELEVEL := 0
# default
MAKE = $(MAKE_COMMAND)
# environment
PATH = /home/ducorits/.local/bin:/home/ducorits/.local/bin:/usr/local/sbin:/usr/local/bin:/usr/sbin:/usr/bin:/sbin:/bin:/usr/games:/usr/local/games:/snap/bin
# default
MAKEFILES := 
# automatic
^F = $(notdir $^)
# makefile (from 'Makefile', line 38)
GLFW = -lglfw
# environment
INVOCATION_ID = a6c7a6c7dc1145d3b240ff162ad8c5fd
# environment
VSCODE_LOG_NATIVE = false
# environment
USERNAME = ducorits
# makefile (from 'Makefile', line 11)
 
GREEN = \033[1;32m
# makefile (from 'Makefile', line 35)
MLX = MLX42/libmlx42.a
# environment
LESSCLOSE = /usr/bin/lesspipe %s %s
# automatic
?F = $(notdir $?)
# makefile (from 'Makefile', line 31)
INC = -I ./include
# makefile (from 'Makefile', line 51)
NAME = fdf
# makefile (from 'Makefile', line 15)
SAVE = \0337
# environment
GTK_IM_MODULE = ibus
# environment
XDG_CURRENT_DESKTOP = Unity
# environment
LS_COLORS = 
# automatic
+F = $(notdir $+)
# environment
DESKTOP_SESSION = pop
# environment
ORIGINAL_XDG_CURRENT_DESKTOP = pop:GNOME
# 'override' directive
GNUMAKEFLAGS := 
# makefile (from 'Makefile', line 14)
BEGIN = \033[0G
# environment
LOGNAME = ducorits
# environment
GIO_LAUNCHED_DESKTOP_FILE = /usr/share/applications/code.desktop
# makefile
.DEFAULT_GOAL := all
# environment
SYSTEMD_EXEC_PID = 2382
# makefile (from 'Makefile', line 10)
ORANGE = \033[1;38;5;214m
# makefile (from 'Makefile', line 7)
RED = \033[1;31m
# environment
DISPLAY = :1
# environment
USER = ducorits
# environment
GTK_MODULES = gail:atk-bridge:appmenu-gtk-module
# default
MAKE_VERSION := 4.3
# 'override' directive
.SHELLSTATUS := 0
# environment
MANAGERPID = 2083
# environment
GIO_LAUNCHED_DESKTOP_FILE_PID = 41859
# environment
_ = /usr/share/code/code
# makefile (from 'Makefile', line 12)
RESET = \033[0m
# environment
XDG_RUNTIME_DIR = /run/user/1000
# makefile (from 'Makefile', line 48)
CFLAGS = -Wall -Wextra -Werror
# environment
GPG_AGENT_INFO = /run/user/1000/gnupg/S.gpg-agent:0:1
# environment
JOURNAL_STREAM = 8:32675
# environment
XDG_SESSION_CLASS = user
# environment
VSCODE_AMD_ENTRYPOINT = vs/workbench/api/node/extensionHostProcess
# environment
HOME = /home/ducorits
# environment
QT_IM_MODULE = ibus
# environment
ELECTRON_RUN_AS_NODE = 1
# environment
VSCODE_IPC_HOOK = /run/user/1000/vscode-77595a8e-1.67.2-main.sock
# default
.RECIPEPREFIX := 
# automatic
<F = $(notdir $<)
# default
SUFFIXES := 
# default
.FEATURES := target-specific order-only second-expansion else-if shortest-stem undefine oneshell nocomment grouped-target extra-prereqs archives jobserver output-sync check-symlink load
# makefile (from 'Makefile', line 1)
CC = gcc
# environment
XDG_MENU_PREFIX = gnome-
# environment
GDMSESSION = pop
# variable set hash-table stats:
# Load=121/1024=12%, Rehash=0, Collisions=9/171=5%

# Pattern-specific Variable Values

# No pattern-specific variable values.

# Directories

# src (device 64769, inode 6559334): No files, no impossibilities so far.
# . (device 64769, inode 5248053): 16 files, no impossibilities.

# 16 files, no impossibilities in 2 directories.

# Implicit Rules

obj/%.o: src/%.c
#  recipe to execute (from 'Makefile', line 65):
	@mkdir -p $(@D)
	@$(CC) $(CFLAGS) $(INC) -c $^ -o $@
	@printf "$(INSET)$(BLUE)Compiling: $(GREEN)%-29s $(CYAN)%-10s$(RESET)\n" "$^" ""

# 1 implicit rules, 0 (0.0%) terminal.
# Files

# Not a target:
obj/debug.o:
#  Implicit rule search has not been done.
#  Modification time never checked.
#  File has not been updated.

# Not a target:
obj/transforms.o:
#  Implicit rule search has not been done.
#  Modification time never checked.
#  File has not been updated.

# Not a target:
obj/main.o:
#  Implicit rule search has not been done.
#  Modification time never checked.
#  File has not been updated.

run_test:
#  Implicit rule search has not been done.
#  Modification time never checked.
#  File has not been updated.

depclean:
#  Implicit rule search has not been done.
#  Modification time never checked.
#  File has not been updated.
#  recipe to execute (from 'Makefile', line 91):
	@make -C libft/ fclean
	@make -C MLX42/ fclean

# Not a target:
Makefile:
#  Implicit rule search has been done.
#  Last modified 2022-07-09 15:00:00.672175005
#  File has been updated.
#  Successfully updated.

libft/libft.a:
#  Implicit rule search has not been done.
#  Modification time never checked.
#  File has not been updated.
#  recipe to execute (from 'Makefile', line 74):
	@make -C libft/ SILENT=1
	@cp libft/include/libft.h include/libft.h

clean:
#  Implicit rule search has not been done.
#  Modification time never checked.
#  File has not been updated.
#  recipe to execute (from 'Makefile', line 83):
	@rm -rf obj
	@printf "\033[1;31m- $(BLUE)Removed object files\n$(RESET)"

rere: heading fclean depclean comp
#  Phony target (prerequisite of .PHONY).
#  Implicit rule search has not been done.
#  File does not exist.
#  File has not been updated.

# Not a target:
obj/fdf_keyhooks.o:
#  Implicit rule search has not been done.
#  Modification time never checked.
#  File has not been updated.

re: heading fclean comp
#  Phony target (prerequisite of .PHONY).
#  Implicit rule search has not been done.
#  File does not exist.
#  File has not been updated.

# Not a target:
obj/fdf_exit.o:
#  Implicit rule search has not been done.
#  Modification time never checked.
#  File has not been updated.

fdf: MLX42/libmlx42.a libft/libft.a obj/main.o obj/error_check.o obj/debug.o obj/fdf_init.o obj/map_init.o obj/fdf_exit.o obj/fdf_loop.o obj/fdf_free.o obj/fdf_keyhooks.o obj/map_utils.o obj/transforms.o
#  Implicit rule search has not been done.
#  Modification time never checked.
#  File has not been updated.
#  recipe to execute (from 'Makefile', line 70):
	@$(CC) $(CFLAGS) $(OBJS) $(INC) $(LIBFT) $(MLX) $(GLFW) $(MATHLIB) -o $@
	@printf "$(INSET)Compiling: Program $@\n"

# Not a target:
obj/map_utils.o:
#  Implicit rule search has not been done.
#  Modification time never checked.
#  File has not been updated.

# Not a target:
.DEFAULT:
#  Implicit rule search has not been done.
#  Modification time never checked.
#  File has not been updated.

all: heading comp
#  Command line target.
#  Implicit rule search has been done.
#  File does not exist.
#  File has been updated.
#  Needs to be updated (-q is set).
# variable set hash-table stats:
# Load=0/32=0%, Rehash=0, Collisions=0/6=0%

# Not a target:
obj/fdf_loop.o:
#  Implicit rule search has not been done.
#  Modification time never checked.
#  File has not been updated.

# Not a target:
obj/fdf_free.o:
#  Implicit rule search has not been done.
#  Modification time never checked.
#  File has not been updated.

fclean: clean
#  Implicit rule search has not been done.
#  Modification time never checked.
#  File has not been updated.
#  recipe to execute (from 'Makefile', line 87):
	@rm -rf $(NAME)
	@printf "\033[1;31m- $(BLUE)Removed program file\n$(RESET)"

# Not a target:
obj/fdf_init.o:
#  Implicit rule search has not been done.
#  Modification time never checked.
#  File has not been updated.

heading:
#  Phony target (prerequisite of .PHONY).
#  Implicit rule search has not been done.
#  Implicit/static pattern stem: ''
#  File does not exist.
#  File has been updated.
#  Needs to be updated (-q is set).
# automatic
# @ := heading
# automatic
# * := 
# automatic
# < := 
# automatic
# + := 
# automatic
# % := 
# automatic
# ^ := 
# automatic
# ? := 
# automatic
# | := 
# variable set hash-table stats:
# Load=8/32=25%, Rehash=0, Collisions=1/14=7%
#  recipe to execute (from 'Makefile', line 62):
	@printf "$(CYAN)----< $(ORANGE)Duco's FdF $(CYAN)>----\n"; \


# Not a target:
obj/error_check.o:
#  Implicit rule search has not been done.
#  Modification time never checked.
#  File has not been updated.

MLX42/libmlx42.a:
#  Implicit rule search has not been done.
#  Modification time never checked.
#  File has not been updated.
#  recipe to execute (from 'Makefile', line 78):
	@make -C MLX42/

# Not a target:
.SUFFIXES:
 
#  Implicit rule search has not been done.
#  Modification time never checked.
#  File has not been updated.

.PHONY: heading comp re rere
#  Implicit rule search has not been done.
#  Modification time never checked.
#  File has not been updated.

comp: fdf
#  Phony target (prerequisite of .PHONY).
#  Implicit rule search has not been done.
#  File does not exist.
#  File has not been updated.

# Not a target:
obj/map_init.o:
#  Implicit rule search has not been done.
#  Modification time never checked.
#  File has not been updated.

# files hash-table stats:
# Load=27/1024=3%, Rehash=0, Collisions=5/74=7%
# VPATH Search Paths

# No 'vpath' search paths.

# No general ('VPATH' variable) search path.

# strcache buffers: 1 (0) / strings = 45 / storage = 438 B / avg = 9 B
# current buf: size = 8162 B / used = 438 B / count = 45 / avg = 9 B

# strcache performance: lookups = 83 / hit rate = 45%
# hash-table stats:
# Load=45/8192=1%, Rehash=0, Collisions=0/83=0%
# Finished Make data base on Sat Jul  9 15:00:01 2022

 
